{
  "stats": {
    "suites": 1,
    "tests": 1,
    "passes": 1,
    "pending": 0,
    "failures": 0,
    "start": "2020-08-15T16:30:11.813Z",
    "end": "2020-08-15T16:30:11.813Z",
    "duration": 2207,
    "testsRegistered": 1,
    "passPercent": 100,
    "pendingPercent": 0,
    "other": 0,
    "hasOther": false,
    "skipped": 0,
    "hasSkipped": false
  },
  "results": [
    {
      "uuid": "929ba73a-5824-4f5f-9827-252a777a7041",
      "title": "",
      "fullFile": "cypress/Tests/TestCase.js",
      "file": "cypress/Tests/TestCase.js",
      "beforeHooks": [],
      "afterHooks": [],
      "tests": [],
      "suites": [
        {
          "uuid": "d751aeba-f30f-41b2-a6c1-d6e0edb76552",
          "title": "Login",
          "fullFile": "",
          "file": "",
          "beforeHooks": [],
          "afterHooks": [],
          "tests": [
            {
              "title": "Verify",
              "fullTitle": "Login Verify",
              "timedOut": null,
              "duration": 2207,
              "state": "passed",
              "speed": "slow",
              "pass": true,
              "fail": false,
              "pending": false,
              "context": null,
              "code": "var page = new _HomePage.HomePage();\ncy.visit('https://www.flipkart.com/');\npage.searchProducts();\npage.clickSearchIcon();",
              "err": {},
              "uuid": "b9eadac8-5bf9-4dc1-bb51-62f7eec412c9",
              "parentUUID": "d751aeba-f30f-41b2-a6c1-d6e0edb76552",
              "isHook": false,
              "skipped": false
            }
          ],
          "suites": [],
          "passes": [
            "b9eadac8-5bf9-4dc1-bb51-62f7eec412c9"
          ],
          "failures": [],
          "pending": [],
          "skipped": [],
          "duration": 2207,
          "root": false,
          "rootEmpty": false,
          "_timeout": 2000
        }
      ],
      "passes": [],
      "failures": [],
      "pending": [],
      "skipped": [],
      "duration": 0,
      "root": true,
      "rootEmpty": true,
      "_timeout": 2000
    }
  ],
  "meta": {
    "mocha": {
      "version": "7.0.1"
    },
    "mochawesome": {
      "options": {
        "quiet": false,
        "reportFilename": "mochawesome",
        "saveHtml": false,
        "saveJson": true,
        "consoleReporter": "spec",
        "useInlineDiffs": false,
        "code": true
      },
      "version": "6.1.1"
    },
    "marge": {
      "options": {
        "id": "default",
        "reportDir": "cypress/reports/mocha",
        "quite": true,
        "overwrite": false,
        "html": false,
        "json": true
      },
      "version": "5.1.0"
    }
  }
}